Arguments: 
  C:\Program Files\nodejs\node.exe C:\Users\Mario\AppData\Roaming\npm\node_modules\yarn\bin\yarn.js install

PATH: 
  D:\Programs\Oracle_Database_18c_XE\dbhomeXE\bin;D:\Oracle_Database\bin;C:\Program Files (x86)\Common Files\Oracle\Java\javapath;c:\windows\system32;c:\windows;c:\windows\system32\wbem;c:\windows\system32\windowspowershell\v1.0\;c:\windows\system32\openssh\;c:\users\mario\appdata\local\microsoft\windowsapps;c:\adb;C:\WINDOWS\system32;C:\WINDOWS;C:\WINDOWS\System32\Wbem;C:\WINDOWS\System32\WindowsPowerShell\v1.0\;C:\WINDOWS\System32\OpenSSH\;D:\Programs\PuTTY\;C:\Program Files\Git\cmd;C:\Program Files\Git\mingw64\bin;C:\Program Files\Git\usr\bin;C:\Program Files\dotnet\;C:\Program Files\Microsoft SQL Server\Client SDK\ODBC\170\Tools\Binn\;C:\WINDOWS\system32;C:\WINDOWS;C:\WINDOWS\System32\Wbem;C:\WINDOWS\System32\WindowsPowerShell\v1.0\;C:\WINDOWS\System32\OpenSSH\;C:\Program Files\nodejs\;C:\Program Files (x86)\NVIDIA Corporation\PhysX\Common;C:\Program Files\Docker\Docker\resources\bin;C:\Users\Mario\AppData\Local\Programs\Python\Python38\Scripts\;C:\Users\Mario\AppData\Local\Programs\Python\Python38\;C:\Ruby25-x64\bin;C:\Users\Mario\AppData\Local\Microsoft\WindowsApps;C:\Users\Mario\AppData\Local\Programs\Microsoft VS Code\bin;C:\Users\Mario\spicetify-cli;C:\Users\Mario\.dotnet\tools;C:\Program Files (x86)\Nmap;C:\Users\Mario\AppData\Local\Microsoft\WindowsApps;D:\Programs\BrowserStackLocal\;C:\Users\Mario\AppData\Roaming\npm;D:\Programs\heroku\bin

Yarn version: 
  1.22.19

Node version: 
  16.14.0

Platform: 
  win32 x64

Trace: 
  Error: ENOENT: no such file or directory, open 'C:\Users\Mario\AppData\Local\Yarn\Cache\v6\npm-esbuild-windows-64-0.15.14-d5ae086728ab30b72969e40ed0a7a0d9082f2cdd-integrity\node_modules\esbuild-windows-64\.yarn-metadata.json'

npm manifest: 
  {
    "name": "vite",
    "version": "5.0.0",
    "private": true,
    "scripts": {
      "dev": "vite",
      "build": "vite build",
      "serve": "vite preview"
    },
    "dependencies": {
      "@emotion/react": "latest",
      "@emotion/styled": "latest",
      "@mui/material": "latest",
      "react": "latest",
      "react-dom": "latest"
    },
    "devDependencies": {
      "@vitejs/plugin-react": "latest",
      "vite": "latest"
    }
  }

yarn manifest: 
  No manifest

Lockfile: 
  No lockfile
